Сборка начата 25.03.2015 15:55:43.
     1>Проект "E:\Users\iUser\Documents\Visual Studio 2012\Projects\helpfriends\dobrininam\dobrininam\dobrininam.vcxproj" в узле 2 (целевые объекты Build).
     1>ClCompile:
         C:\Program Files (x86)\Microsoft Visual Studio 11.0\VC\bin\CL.exe /c /ZI /nologo /W3 /WX- /Od /Oy- /D WIN32 /D _DEBUG /D _CONSOLE /D _UNICODE /D UNICODE /Gm /EHsc /RTC1 /MDd /GS /fp:precise /Zc:wchar_t /Zc:forScope /Yc"stdafx.h" /Fp"Debug\dobrininam.pch" /Fo"Debug\\" /Fd"Debug\vc110.pdb" /Gd /TP /analyze- /errorReport:prompt stdafx.cpp
         stdafx.cpp
         C:\Program Files (x86)\Microsoft Visual Studio 11.0\VC\bin\CL.exe /c /ZI /nologo /W3 /WX- /Od /Oy- /D WIN32 /D _DEBUG /D _CONSOLE /D _UNICODE /D UNICODE /Gm /EHsc /RTC1 /MDd /GS /fp:precise /Zc:wchar_t /Zc:forScope /Yu"stdafx.h" /Fp"Debug\dobrininam.pch" /Fo"Debug\\" /Fd"Debug\vc110.pdb" /Gd /TP /analyze- /errorReport:prompt dobrininam.cpp
         dobrininam.cpp
     1>e:\users\iuser\documents\visual studio 2012\projects\helpfriends\dobrininam\dobrininam\bst.h(478): warning C4018: >: несоответствие типов со знаком и без знака
                 e:\users\iuser\documents\visual studio 2012\projects\helpfriends\dobrininam\dobrininam\bst.h(456): при компиляции функции-члена "BST<T>::Node *BST<T>::selectk(BST<T>::Node *,unsigned long)" класса шаблон
                 with
                 [
                     T=int
                 ]
                 e:\users\iuser\documents\visual studio 2012\projects\helpfriends\dobrininam\dobrininam\dobrininam.cpp(140): см. ссылку на создание экземпляров функции шаблон при компиляции "BST<T>::Node *BST<T>::selectk(BST<T>::Node *,unsigned long)"
                 with
                 [
                     T=int
                 ]
                 e:\users\iuser\documents\visual studio 2012\projects\helpfriends\dobrininam\dobrininam\dobrininam.cpp(24): см. ссылку на создание экземпляров класса шаблон при компиляции "BST<T>"
                 with
                 [
                     T=int
                 ]
     1>e:\users\iuser\documents\visual studio 2012\projects\helpfriends\dobrininam\dobrininam\bst.h(479): warning C4018: <: несоответствие типов со знаком и без знака
       Link:
         C:\Program Files (x86)\Microsoft Visual Studio 11.0\VC\bin\link.exe /ERRORREPORT:PROMPT /OUT:"E:\Users\iUser\Documents\Visual Studio 2012\Projects\helpfriends\dobrininam\Debug\dobrininam.exe" /INCREMENTAL /NOLOGO kernel32.lib user32.lib gdi32.lib winspool.lib comdlg32.lib advapi32.lib shell32.lib ole32.lib oleaut32.lib uuid.lib odbc32.lib odbccp32.lib /MANIFEST /MANIFESTUAC:"level='asInvoker' uiAccess='false'" /manifest:embed /DEBUG /PDB:"E:\Users\iUser\Documents\Visual Studio 2012\Projects\helpfriends\dobrininam\Debug\dobrininam.pdb" /SUBSYSTEM:CONSOLE /TLBID:1 /DYNAMICBASE /NXCOMPAT /IMPLIB:"E:\Users\iUser\Documents\Visual Studio 2012\Projects\helpfriends\dobrininam\Debug\dobrininam.lib" /MACHINE:X86 Debug\dobrininam.obj
         Debug\stdafx.obj
         dobrininam.vcxproj -> E:\Users\iUser\Documents\Visual Studio 2012\Projects\helpfriends\dobrininam\Debug\dobrininam.exe
     1>Построение проекта "E:\Users\iUser\Documents\Visual Studio 2012\Projects\helpfriends\dobrininam\dobrininam\dobrininam.vcxproj" завершено (целевые объекты Build).

Сборка успешно завершена.

Затраченное время: 00:00:04.37
